{"contracts/Voting.sol":{"l":{"32":0,"33":0,"37":0,"38":0,"39":0,"43":0,"44":0,"45":0,"46":0,"48":0,"49":0,"53":0,"54":0,"58":0,"59":0,"60":0,"61":0,"62":0,"66":0,"67":0,"68":0,"72":0,"73":0,"74":0,"78":0,"79":0,"80":0,"81":0,"83":0,"84":0,"86":0,"87":0,"88":0,"93":0,"94":0,"95":0,"96":0,"98":0,"99":0,"100":0,"101":0,"102":0,"103":0,"107":0,"118":0,"128":0,"129":0},"path":"/Users/aleeeexcool/something_is_here/contracts/Voting.sol","s":{"1":0,"2":0,"3":0,"4":0,"5":0,"6":0,"7":0,"8":0,"9":0,"10":0,"11":0,"12":0,"13":0,"14":0,"15":0,"16":0,"17":0,"18":0,"19":0,"20":0,"21":0,"22":0,"23":0,"24":0,"25":0,"26":0,"27":0,"28":0,"29":0,"30":0},"b":{"1":[0,0],"2":[0,0],"3":[0,0],"4":[0,0],"5":[0,0],"6":[0,0],"7":[0,0],"8":[0,0],"9":[0,0],"10":[0,0],"11":[0,0],"12":[0,0],"13":[0,0],"14":[0,0],"15":[0,0],"16":[0,0],"17":[0,0],"18":[0,0],"19":[0,0],"20":[0,0],"21":[0,0],"22":[0,0],"23":[0,0]},"f":{"1":0,"2":0,"3":0,"4":0,"5":0,"6":0,"7":0,"8":0,"9":0,"10":0,"11":0,"12":0},"fnMap":{"1":{"name":"onlyOwner","line":31,"loc":{"start":{"line":31,"column":4},"end":{"line":34,"column":4}}},"2":{"name":"constructor","line":36,"loc":{"start":{"line":36,"column":4},"end":{"line":40,"column":4}}},"3":{"name":"addVoting","line":42,"loc":{"start":{"line":42,"column":4},"end":{"line":50,"column":4}}},"4":{"name":"editVotingPeriod","line":52,"loc":{"start":{"line":52,"column":4},"end":{"line":55,"column":4}}},"5":{"name":"addCandidate","line":57,"loc":{"start":{"line":57,"column":4},"end":{"line":63,"column":4}}},"6":{"name":"deleteCandidate","line":65,"loc":{"start":{"line":65,"column":4},"end":{"line":69,"column":4}}},"7":{"name":"startVoting","line":71,"loc":{"start":{"line":71,"column":4},"end":{"line":75,"column":4}}},"8":{"name":"takePartInVoting","line":77,"loc":{"start":{"line":77,"column":4},"end":{"line":90,"column":4}}},"9":{"name":"withDrawPrize","line":92,"loc":{"start":{"line":92,"column":4},"end":{"line":104,"column":4}}},"10":{"name":"checkCandidate","line":106,"loc":{"start":{"line":106,"column":4},"end":{"line":108,"column":4}}},"11":{"name":"getVotingInfo","line":110,"loc":{"start":{"line":110,"column":4},"end":{"line":125,"column":8}}},"12":{"name":"setMaxCandidates","line":127,"loc":{"start":{"line":127,"column":4},"end":{"line":130,"column":4}}}},"statementMap":{"1":{"start":{"line":32,"column":8},"end":{"line":32,"column":71}},"2":{"start":{"line":43,"column":8},"end":{"line":43,"column":152}},"3":{"start":{"line":45,"column":8},"end":{"line":45,"column":1227}},"4":{"start":{"line":46,"column":12},"end":{"line":46,"column":48}},"5":{"start":{"line":48,"column":8},"end":{"line":48,"column":40}},"6":{"start":{"line":53,"column":8},"end":{"line":53,"column":77}},"7":{"start":{"line":58,"column":8},"end":{"line":58,"column":86}},"8":{"start":{"line":59,"column":8},"end":{"line":59,"column":91}},"9":{"start":{"line":60,"column":8},"end":{"line":60,"column":69}},"10":{"start":{"line":62,"column":8},"end":{"line":62,"column":49}},"11":{"start":{"line":66,"column":8},"end":{"line":66,"column":69}},"12":{"start":{"line":68,"column":8},"end":{"line":68,"column":50}},"13":{"start":{"line":74,"column":8},"end":{"line":74,"column":48}},"14":{"start":{"line":78,"column":8},"end":{"line":78,"column":81}},"15":{"start":{"line":79,"column":8},"end":{"line":79,"column":65}},"16":{"start":{"line":80,"column":8},"end":{"line":80,"column":103}},"17":{"start":{"line":81,"column":8},"end":{"line":81,"column":97}},"18":{"start":{"line":86,"column":8},"end":{"line":86,"column":3100}},"19":{"start":{"line":93,"column":8},"end":{"line":93,"column":65}},"20":{"start":{"line":94,"column":8},"end":{"line":94,"column":110}},"21":{"start":{"line":95,"column":8},"end":{"line":95,"column":74}},"22":{"start":{"line":96,"column":8},"end":{"line":96,"column":77}},"23":{"start":{"line":98,"column":8},"end":{"line":98,"column":39}},"24":{"start":{"line":99,"column":8},"end":{"line":99,"column":56}},"25":{"start":{"line":100,"column":8},"end":{"line":100,"column":50}},"26":{"start":{"line":102,"column":8},"end":{"line":102,"column":46}},"27":{"start":{"line":103,"column":8},"end":{"line":103,"column":48}},"28":{"start":{"line":107,"column":8},"end":{"line":107,"column":71}},"29":{"start":{"line":118,"column":12},"end":{"line":118,"column":4381}},"30":{"start":{"line":128,"column":8},"end":{"line":128,"column":84}}},"branchMap":{"1":{"line":32,"type":"if","locations":[{"start":{"line":32,"column":8},"end":{"line":32,"column":8}},{"start":{"line":32,"column":8},"end":{"line":32,"column":8}}]},"2":{"line":42,"type":"if","locations":[{"start":{"line":42,"column":76},"end":{"line":42,"column":76}},{"start":{"line":42,"column":76},"end":{"line":42,"column":76}}]},"3":{"line":43,"type":"if","locations":[{"start":{"line":43,"column":8},"end":{"line":43,"column":8}},{"start":{"line":43,"column":8},"end":{"line":43,"column":8}}]},"4":{"line":52,"type":"if","locations":[{"start":{"line":52,"column":64},"end":{"line":52,"column":64}},{"start":{"line":52,"column":64},"end":{"line":52,"column":64}}]},"5":{"line":53,"type":"if","locations":[{"start":{"line":53,"column":8},"end":{"line":53,"column":8}},{"start":{"line":53,"column":8},"end":{"line":53,"column":8}}]},"6":{"line":57,"type":"if","locations":[{"start":{"line":57,"column":63},"end":{"line":57,"column":63}},{"start":{"line":57,"column":63},"end":{"line":57,"column":63}}]},"7":{"line":58,"type":"if","locations":[{"start":{"line":58,"column":8},"end":{"line":58,"column":8}},{"start":{"line":58,"column":8},"end":{"line":58,"column":8}}]},"8":{"line":59,"type":"if","locations":[{"start":{"line":59,"column":8},"end":{"line":59,"column":8}},{"start":{"line":59,"column":8},"end":{"line":59,"column":8}}]},"9":{"line":60,"type":"if","locations":[{"start":{"line":60,"column":8},"end":{"line":60,"column":8}},{"start":{"line":60,"column":8},"end":{"line":60,"column":8}}]},"10":{"line":65,"type":"if","locations":[{"start":{"line":65,"column":66},"end":{"line":65,"column":66}},{"start":{"line":65,"column":66},"end":{"line":65,"column":66}}]},"11":{"line":66,"type":"if","locations":[{"start":{"line":66,"column":8},"end":{"line":66,"column":8}},{"start":{"line":66,"column":8},"end":{"line":66,"column":8}}]},"12":{"line":71,"type":"if","locations":[{"start":{"line":71,"column":42},"end":{"line":71,"column":42}},{"start":{"line":71,"column":42},"end":{"line":71,"column":42}}]},"13":{"line":78,"type":"if","locations":[{"start":{"line":78,"column":8},"end":{"line":78,"column":8}},{"start":{"line":78,"column":8},"end":{"line":78,"column":8}}]},"14":{"line":79,"type":"if","locations":[{"start":{"line":79,"column":8},"end":{"line":79,"column":8}},{"start":{"line":79,"column":8},"end":{"line":79,"column":8}}]},"15":{"line":80,"type":"if","locations":[{"start":{"line":80,"column":8},"end":{"line":80,"column":8}},{"start":{"line":80,"column":8},"end":{"line":80,"column":8}}]},"16":{"line":81,"type":"if","locations":[{"start":{"line":81,"column":8},"end":{"line":81,"column":8}},{"start":{"line":81,"column":8},"end":{"line":81,"column":8}}]},"17":{"line":86,"type":"if","locations":[{"start":{"line":86,"column":8},"end":{"line":86,"column":8}},{"start":{"line":86,"column":8},"end":{"line":86,"column":8}}]},"18":{"line":93,"type":"if","locations":[{"start":{"line":93,"column":8},"end":{"line":93,"column":8}},{"start":{"line":93,"column":8},"end":{"line":93,"column":8}}]},"19":{"line":94,"type":"if","locations":[{"start":{"line":94,"column":8},"end":{"line":94,"column":8}},{"start":{"line":94,"column":8},"end":{"line":94,"column":8}}]},"20":{"line":95,"type":"if","locations":[{"start":{"line":95,"column":8},"end":{"line":95,"column":8}},{"start":{"line":95,"column":8},"end":{"line":95,"column":8}}]},"21":{"line":96,"type":"if","locations":[{"start":{"line":96,"column":8},"end":{"line":96,"column":8}},{"start":{"line":96,"column":8},"end":{"line":96,"column":8}}]},"22":{"line":127,"type":"if","locations":[{"start":{"line":127,"column":58},"end":{"line":127,"column":58}},{"start":{"line":127,"column":58},"end":{"line":127,"column":58}}]},"23":{"line":128,"type":"if","locations":[{"start":{"line":128,"column":8},"end":{"line":128,"column":8}},{"start":{"line":128,"column":8},"end":{"line":128,"column":8}}]}}}}