TN:
SF:/Users/aleeeexcool/something_is_here/contracts/Voting.sol
FN:31,onlyOwner
FN:36,constructor
FN:42,addVoting
FN:52,editVotingPeriod
FN:57,addCandidate
FN:65,deleteCandidate
FN:71,startVoting
FN:77,takePartInVoting
FN:92,withDrawPrize
FN:106,checkCandidate
FN:110,getVotingInfo
FN:127,setMaxCandidates
FNF:12
FNH:0
FNDA:0,onlyOwner
FNDA:0,constructor
FNDA:0,addVoting
FNDA:0,editVotingPeriod
FNDA:0,addCandidate
FNDA:0,deleteCandidate
FNDA:0,startVoting
FNDA:0,takePartInVoting
FNDA:0,withDrawPrize
FNDA:0,checkCandidate
FNDA:0,getVotingInfo
FNDA:0,setMaxCandidates
DA:32,0
DA:33,0
DA:37,0
DA:38,0
DA:39,0
DA:43,0
DA:44,0
DA:45,0
DA:46,0
DA:48,0
DA:49,0
DA:53,0
DA:54,0
DA:58,0
DA:59,0
DA:60,0
DA:61,0
DA:62,0
DA:66,0
DA:67,0
DA:68,0
DA:72,0
DA:73,0
DA:74,0
DA:78,0
DA:79,0
DA:80,0
DA:81,0
DA:83,0
DA:84,0
DA:86,0
DA:87,0
DA:88,0
DA:93,0
DA:94,0
DA:95,0
DA:96,0
DA:98,0
DA:99,0
DA:100,0
DA:101,0
DA:102,0
DA:103,0
DA:107,0
DA:118,0
DA:128,0
DA:129,0
LF:47
LH:0
BRDA:32,1,0,0
BRDA:32,1,1,0
BRDA:42,2,0,0
BRDA:42,2,1,0
BRDA:43,3,0,0
BRDA:43,3,1,0
BRDA:52,4,0,0
BRDA:52,4,1,0
BRDA:53,5,0,0
BRDA:53,5,1,0
BRDA:57,6,0,0
BRDA:57,6,1,0
BRDA:58,7,0,0
BRDA:58,7,1,0
BRDA:59,8,0,0
BRDA:59,8,1,0
BRDA:60,9,0,0
BRDA:60,9,1,0
BRDA:65,10,0,0
BRDA:65,10,1,0
BRDA:66,11,0,0
BRDA:66,11,1,0
BRDA:71,12,0,0
BRDA:71,12,1,0
BRDA:78,13,0,0
BRDA:78,13,1,0
BRDA:79,14,0,0
BRDA:79,14,1,0
BRDA:80,15,0,0
BRDA:80,15,1,0
BRDA:81,16,0,0
BRDA:81,16,1,0
BRDA:86,17,0,0
BRDA:86,17,1,0
BRDA:93,18,0,0
BRDA:93,18,1,0
BRDA:94,19,0,0
BRDA:94,19,1,0
BRDA:95,20,0,0
BRDA:95,20,1,0
BRDA:96,21,0,0
BRDA:96,21,1,0
BRDA:127,22,0,0
BRDA:127,22,1,0
BRDA:128,23,0,0
BRDA:128,23,1,0
BRF:46
BRH:0
end_of_record
